Rodada 1:  100  300
Rodada 2:  200  600
Rodada 3:  200  600
Rodada 4:  300 4000
Rodada 5:  400 3990
Rodada 6:  600 4090
Rodada 7:  700    0
Rodada 8:  700    0
Rodada 9:    0  100
Rodada 10:  100  500
Rodada 11:  200  800
Rodada 12:  300  750
Rodada 13: 2000  850
Rodada 14: 2100 5750
Rodada 15: 2200 5850
Rodada 16: 3000 5950
Rodada 17: 3800 6050
Rodada 18: 3760 6350
Rodada 19: 3760 6350
Rodada 20: 2890 6650
Rodada 21: 2890 6650
Rodada 22: 2990 6100
Rodada 23: 3190 5710
Rodada 24: 3390 5810
Rodada 25: 2890 6010
Rodada 26: 4690 6210
Rodada 27: 4790 6310
Rodada 28: 4890 6300
Rodada 29: 4990 6400
Rodada 30: 4800 7400
Rodada 31: 5000 7500
Rodada 32: 5000 7500
Rodada 33: 5100 7600
Rodada 34: 5200 7700
Rodada 35: 5300 7800
Rodada 36: 6800 3320
Rodada 37: 6800 3320
Rodada 38: 6800 3320
Rodada 39: 6900 3420
Rodada 40: 7100 3520
Rodada 41: 7100 3520
Rodada 42: 7500 3620
Rodada 43: 7600 3720
Rodada 44: 7700 4120
Rodada 45: 8500 4220
Rodada 46: 8600 4320
Rodada 47: 8700 4520
Rodada 48: 9000 5120
Rodada 49: 9100 5060
Rodada 50: 9200 5160
Rodada 51: 9190 5260
Rodada 52: 9390 5960
Rodada 53: 9690 6060
Rodada 54: 9690 6060
Rodada 55: 9790 6160
Rodada 56: 9890 6260
Rodada 57: 10090 8360
Rodada 58: 10090 8360
Rodada 59: 11390 22060
Rodada 60: 10730 22160
Rodada 61: 10830 21580
Rodada 62: 10930 21780
Rodada 63: 10010 21880
Rodada 64: 10210 22080
Rodada 65: 9170 22180
Rodada 66: 9270 21230
Rodada 67: 9030 21330
Rodada 68: 9430 21530
Rodada 69: 9530 21630
Rodada 70: 2980 21730
Rodada 71: 3080 21550
Rodada 72: 49980 21650
Rodada 73: 49980 21650
Rodada 74: 50380 21750
Rodada 75: 50240 21950
Rodada 76: 50340 22050
Rodada 77: 50740 22250
Rodada 78: 50840 22350
Rodada 79: 50840 22350
Rodada 80: 50940 22450
Rodada 81: 51040 22550
Rodada 82: 50740 22750
Rodada 83: 50740 22750
Rodada 84: 52440 23650
Rodada 85: 52540 22820
Rodada 86: 52640 23820
Rodada 87: 53040 24620
Rodada 88: 53140 24130
Rodada 89: 53340 24230
Rodada 90: 53440 24330
Rodada 91: 53540 24430
Rodada 92: 53640 24530
Rodada 93: 54240 24830
Rodada 94: 54210 24930
Rodada 95: 54610 25030
Rodada 96: 54610 25030
Rodada 97: 54710 25130
Rodada 98: 54810 25230
Rodada 99: 54910 25330
Rodada 100: 54760 25430
Rodada 101: 53860 25530
Rodada 102: 53860 25530
Rodada 103: 53960 25630
Rodada 104: 54060 25580
Rodada 105: 54160 25780
Rodada 106: 54260 25880
Rodada 107: 55060 26680
Rodada 108: 55160 16620
Rodada 109: 55260 16720
Rodada 110: 55460 16440
Rodada 111: 55560 16420
Rodada 112: 57660 16520
Rodada 113: 57540 16620
Rodada 114: 57540 16620
Rodada 115: 57640 16920
Rodada 116: 57840 17020
Rodada 117: 57940 17120
Rodada 118: 59640 17420
Rodada 119: 59940 17520
Rodada 120: 60040 17820
Rodada 121: 60340 18020
Rodada 122: 60440 18120
Rodada 123: 60440 18120
Rodada 124: 60400 18320
Rodada 125: 59650 18420
Rodada 126: 59750 18520
Rodada 127: 60450 18920
Rodada 128: 60550 19120
Rodada 129: 60650 19000
Rodada 130:    0 22500
Rodada 131:    0 22500
Rodada 132:    0 22600
Rodada 133:  900 23700
Rodada 134:  900 23700
Rodada 135: 1000 23900
Rodada 136:    0 24400
Rodada 137:  100 24500
Rodada 138:  800 35200
Rodada 139:  430 35300
Rodada 140:  530 35400
Rodada 141:  630 34980
Rodada 142:  730 35180
Rodada 143:  830 32620
Rodada 144:  830 32620
Rodada 145: 1130 14180
Rodada 146: 1230 14380
Rodada 147:    0 19180
Rodada 148:  800 16280
Rodada 149: 1100 16380
Rodada 150: 1100 16380
Rodada 151: 1100 16380
Rodada 152: 1100 16380
Rodada 153: 1300 17180
Rodada 154: 2800 17280
Rodada 155: 3300 17480
Rodada 156: 3400 17680
Rodada 157: 3500 17780
Rodada 158: 3700 17980
Rodada 159: 3700 17980
Rodada 160: 3800 18880
Rodada 161: 3900 18980
Rodada 162: 3880 19080
Rodada 163: 3880 19080
Rodada 164: 4080 16290
Rodada 165: 4180 16390
Rodada 166: 4280 17190
Rodada 167: 4280 17190
Rodada 168: 4380 17290
Rodada 169: 3950 17390
Rodada 170:    0 17590
Rodada 171:    0 18590
Rodada 172:    0 18890
Rodada 173:  200 19090
Rodada 174:    0 19690
Rodada 175:    0 19690
Rodada 176:  100 19890
Rodada 177:  200 19830
Rodada 178:  300 19930
Rodada 179:  300 19930
Rodada 180: 1900 20030
Rodada 181: 2000 20130
Rodada 182: 3100 20230
Rodada 183: 3400 20330
Rodada 184: 3340 20430
Rodada 185: 3440 20530
Rodada 186: 3440 20530
Rodada 187: 3440 20530
Rodada 188: 3440 20530
Rodada 189: 3540 22930
Rodada 190: 23040 23030
Rodada 191: 23040 23030
Rodada 192: 23040 23030
Rodada 193: 23140 23430
Rodada 194: 23240 23330
Rodada 195: 23240 23330
Rodada 196: 23440 21650
Rodada 197: 23440 21650
Rodada 198: 23440 21650
Rodada 199: 23540 21750
Rodada 200: 23540 21750
Rodada 201: 21170 21950
Rodada 202: 21170 21950
Rodada 203: 21170 21950
Rodada 204: 21270 7900
Rodada 205: 21370 8200
Rodada 206: 21060 8300
Rodada 207: 25060 8400
Rodada 208: 25060 8400
Rodada 209: 26760 8500
Rodada 210: 26760 8500
