Rodada 1:    0    0    0    0    0    0    0    0    0  100
Rodada 2:    0    0    0    0    0    0    0  100    0   90
Rodada 3:    0    0    0    0    0    0    0   90    0  190
Rodada 4:  100    0    0    0    0    0    0   80    0  180
Rodada 5:   60    0    0    0    0    0    0   40    0  280
Rodada 6:  160  100  100  100  100  100  100  140    0  380
Rodada 7:  150   90   90   90   90   90   90  130    0  480
Rodada 8:  150   90   90   90   90   90   90  130    0  480
Rodada 9:  150   90   90   90   90   90   90  130    0  480
Rodada 10:  250  390   30   30   30   30   30   70  100  420
Rodada 11:  250  390   30   30   30   30   30   70  100  420
Rodada 12:  250  390   30   30   30   30   30   70  100  420
Rodada 13:  240  380   20   20  130   20   20   60   90  410
Rodada 14:  230  370   10   10  230   10   10   50   80  400
Rodada 15:  220  360    0    0  220  110    0   40   70  390
Rodada 16:  220  360    0    0  220  110    0   40   70  390
Rodada 17:  220  360    0    0  220  110    0   40   70  390
Rodada 18:  320  460    0  300  320  210  100  140  170  490
Rodada 19:  320  460    0  300  320  210  100  140  170  490
Rodada 20:  320  460    0  300  320  210  100  140  170  490
Rodada 21:    0  560  300    0    0    0    0    0  370  590
Rodada 22:    0  540  280    0  100    0    0    0  350  570
Rodada 23:    0  540  280    0  100    0    0    0  350  570
Rodada 24:    0  540  280    0  100    0    0    0  350  570
Rodada 25:  200  940  380  100  400    0    0  100    0  670
Rodada 26:  200  940  380  100  400    0    0  100    0  670
Rodada 27:  190  930  370  200  390    0    0   90    0  660
Rodada 28:    0 1130  470    0  490    0  100    0  100  760
Rodada 29:    0 1120  460  100  480    0   90    0   90  750
Rodada 30:    0 1120  460  100  480    0   90    0   90  750
Rodada 31:    0 1120  460  100  480    0   90    0   90  750
Rodada 32:    0 1120  460  100  480    0   90    0   90  750
Rodada 33:  100 1220  560  200  580  100  190  100  190  850
Rodada 34:  100 1220  560  200  580  100  190  100  190  850
Rodada 35:  100 1220  560  200  580  100  190  100  190  850
Rodada 36:   90 1320  550  190  570   90  180   90  180  840
Rodada 37:    0 1420    0  290  670  190    0  190  280  940
Rodada 38:    0 1420    0  290  670  190    0  190  280  940
Rodada 39:    0 1420    0  290  670  190    0  190  280  940
Rodada 40:  100 1410    0  280  660  180    0  180  270  930
Rodada 41:  200 1200    0   70  450  280  100  280   60  720
Rodada 42:  200 1200    0   70  450  280  100  280   60  720
Rodada 43:  200 1200    0   70  450  280  100  280   60  720
Rodada 44:  190 1190    0   60  440  270   90  270   50  820
Rodada 45:  190 1190    0   60  440  270   90  270   50  820
Rodada 46:  190 1190    0   60  440  270   90  270   50  820
Rodada 47:  190 1190    0   60  440  270   90  270   50  820
Rodada 48:  190 1190    0   60  440  270   90  270   50  820
Rodada 49:  190 1190    0   60  440  270   90  270   50  820
Rodada 50:  190 1190    0   60  440  270   90  270   50  820
Rodada 51:    0  720    0  160    0    0    0  370    0  350
Rodada 52:    0  720    0  160    0    0    0  370    0  350
Rodada 53:    0  720    0  160    0    0    0  370    0  350
Rodada 54:    0  710  100  150    0    0    0  360    0  340
Rodada 55:    0  710  100  150    0    0    0  360    0  340
Rodada 56:    0  710  100  150    0    0    0  360    0  340
Rodada 57:    0  520    0  250    0  100    0  170    0  150
Rodada 58:    0  520    0  250    0  100    0  170    0  150
Rodada 59:    0  510    0  240    0  200    0  160    0  140
Rodada 60:    0  510    0  240    0  200    0  160    0  140
Rodada 61:    0  510    0  240    0  200    0  160    0  140
Rodada 62:    0  510    0  240    0  200    0  160    0  140
Rodada 63:    0  510    0  240    0  200    0  160    0  140
Rodada 64:    0  500    0  340    0  190    0  150    0  130
Rodada 65:    0  500    0  340    0  190    0  150    0  130
Rodada 66:    0  490  100  330    0  180    0  140    0  120
Rodada 67:    0  490  100  330    0  180    0  140    0  120
Rodada 68:    0  480   90  430    0  170    0  130    0  110
Rodada 69:    0  480   90  430    0  170    0  130    0  110
Rodada 70:    0  480   90  430    0  170    0  130    0  110
Rodada 71:  100    0    0  530  100  270    0    0    0    0
Rodada 72:  100    0    0  530  100  270    0    0    0    0
Rodada 73:  100    0    0  530  100  270    0    0    0    0
Rodada 74:  100    0    0  530  100  270    0    0    0    0
Rodada 75:  100    0    0  530  100  270    0    0    0    0
Rodada 76:   90  100    0  520   90  260    0    0    0    0
Rodada 77:  190  200    0  720    0  360  100  100  100  100
Rodada 78:   90  100  100  820    0  260    0  200    0    0
Rodada 79:   80   90  200  810    0  250    0  190    0    0
Rodada 80:   80   90  200  810    0  250    0  190    0    0
Rodada 81:    0    0  300  910    0  350  100  290  100    0
Rodada 82:    0    0  300  910    0  350  100  290  100    0
Rodada 83:    0    0  240  850    0  290   40  230  200    0
Rodada 84:    0    0  220  830  200  270   20  210  180    0
Rodada 85:    0    0  220  830  200  270   20  210  180    0
Rodada 86:    0    0  220  830  200  270   20  210  180    0
Rodada 87:    0    0  220  830  200  270   20  210  180    0
Rodada 88:    0    0  220  830  200  270   20  210  180    0
Rodada 89:    0    0  220  830  200  270   20  210  180    0
Rodada 90:    0    0  220  830  200  270   20  210  180    0
Rodada 91:    0    0  180  790  160  230    0  310  140    0
Rodada 92:    0    0  180  790  160  230    0  310  140    0
Rodada 93:    0    0  180  790  160  230    0  310  140    0
Rodada 94:    0    0  180  790  160  230    0  310  140    0
Rodada 95:    0    0  180  790  160  230    0  310  140    0
Rodada 96:    0    0  180  790  160  230    0  310  140    0
Rodada 97:  100  100  280  890  260  330  100    0  240  100
Rodada 98:    0  300  380 1090    0  430  200    0  340  200
Rodada 99:    0  300  380 1090    0  430  200    0  340  200
Rodada 100:    0  300  380 1090    0  430  200    0  340  200
Rodada 101:  100  400  480  960    0  530   70    0  210   70
Rodada 102:  200    0  580    0  100  730  170    0    0  270
Rodada 103:  200    0  580    0  100  730  170    0    0  270
Rodada 104:  200    0  580    0  100  730  170    0    0  270
Rodada 105:  200    0  580    0  100  730  170    0    0  270
Rodada 106:  190    0  570    0  200  720  160    0    0  260
Rodada 107:  190    0  570    0  200  720  160    0    0  260
Rodada 108:  190    0  570    0  200  720  160    0    0  260
Rodada 109:  180    0  560    0  190  710  150    0  100  250
Rodada 110:  180    0  560    0  190  710  150    0  100  250
Rodada 111:  180    0  560    0  190  710  150    0  100  250
Rodada 112:  180    0  560    0  190  710  150    0  100  250
Rodada 113:  180    0  560    0  190  710  150    0  100  250
Rodada 114:  180    0  560    0  190  710  150    0  100  250
Rodada 115:  180    0  560    0  190  710  150    0  100  250
Rodada 116:  180    0  560    0  190  710  150    0  100  250
Rodada 117:  280  100    0  100    0    0    0  100  200    0
Rodada 118:  280  100    0  100    0    0    0  100  200    0
Rodada 119:  280  100    0  100    0    0    0  100  200    0
Rodada 120:  280  100    0  100    0    0    0  100  200    0
Rodada 121:  280  100    0  100    0    0    0  100  200    0
Rodada 122:  280  100    0  100    0    0    0  100  200    0
Rodada 123:  380    0  100    0    0    0  100    0  300  100
Rodada 124:  380    0  100    0    0    0  100    0  300  100
Rodada 125:  380    0  100    0    0    0  100    0  300  100
Rodada 126:    0  100  200    0  100  100    0    0  400    0
Rodada 127:    0   70  170    0   70   70    0    0  370  100
Rodada 128:    0   70  170    0   70   70    0    0  370  100
Rodada 129:    0   70  170    0   70   70    0    0  370  100
Rodada 130:    0   70  170    0   70   70    0    0  370  100
Rodada 131:    0   70  170    0   70   70    0    0  370  100
Rodada 132:    0   70  170    0   70   70    0    0  370  100
Rodada 133:  100   60  160    0   60   60    0    0  360   90
Rodada 134:  100   60  160    0   60   60    0    0  360   90
Rodada 135:  100   60  160    0   60   60    0    0  360   90
Rodada 136:  100   60  160    0   60   60    0    0  360   90
Rodada 137:  200  160    0  100    0  160    0  100  460  190
Rodada 138:  200  160    0  100    0  160    0  100  460  190
Rodada 139:  200  160    0  100    0  160    0  100  460  190
Rodada 140:  200  160    0  100    0  160    0  100  460  190
Rodada 141:  200  160    0  100    0  160    0  100  460  190
Rodada 142:  200  160    0  100    0  160    0  100  460  190
Rodada 143:  200  160    0  100    0  160    0  100  460  190
Rodada 144:  190  150    0  200    0  150    0   90  450  180
Rodada 145:  190  150    0  200    0  150    0   90  450  180
Rodada 146:  190  150    0  200    0  150    0   90  450  180
Rodada 147:  290  250  200   40    0    0    0  190  290   20
Rodada 148:  290  250  200   40    0    0    0  190  290   20
Rodada 149:  290  250  200   40    0    0    0  190  290   20
Rodada 150:  290  250  200   40    0    0    0  190  290   20
Rodada 151:    0    0    0    0    0  100  200  290    0    0
Rodada 152:    0  100    0  100    0  200    0    0  300  200
Rodada 153:    0  100    0  100    0  200    0    0  300  200
Rodada 154:    0  100    0  100    0  200    0    0  300  200
Rodada 155:    0  100    0  100    0  200    0    0  300  200
Rodada 156:    0  100    0  100    0  200    0    0  300  200
Rodada 157:    0  100    0  100    0  200    0    0  300  200
Rodada 158:    0  100    0  100    0  200    0    0  300  200
Rodada 159:    0  100    0  100    0  200    0    0  300  200
Rodada 160:    0  100    0  100    0  200    0    0  300  200
Rodada 161:    0  100    0  100    0  200    0    0  300  200
Rodada 162:    0  100    0  100    0  200    0    0  300  200
Rodada 163:    0   90    0   90    0  300    0    0  290  190
Rodada 164:    0   90    0   90    0  300    0    0  290  190
Rodada 165:    0   90    0   90    0  300    0    0  290  190
Rodada 166:    0   80    0  190    0  290    0    0  280  180
Rodada 167:    0   80    0  190    0  290    0    0  280  180
Rodada 168:    0   80    0  190    0  290    0    0  280  180
Rodada 169:    0   80    0  190    0  290    0    0  280  180
Rodada 170:    0   70    0  180    0  280    0  100  270  170
Rodada 171:    0   70    0  180    0  280    0  100  270  170
Rodada 172:    0   70    0  180    0  280    0  100  270  170
Rodada 173:    0   70    0  180    0  280    0  100  270  170
Rodada 174:    0   70    0  180    0  280    0  100  270  170
Rodada 175:    0   70    0  180    0  280    0  100  270  170
Rodada 176:    0   70    0  180    0  280    0  100  270  170
Rodada 177:    0   70    0  180    0  280    0  100  270  170
Rodada 178:    0   70    0  180    0  280    0  100  270  170
Rodada 179:    0   70    0  180    0  280    0  100  270  170
Rodada 180:    0   70    0  180    0  280    0  100  270  170
Rodada 181:    0   70    0  180    0  280    0  100  270  170
Rodada 182:    0   70    0  180    0  280    0  100  270  170
Rodada 183:    0   70    0  180    0  280    0  100  270  170
Rodada 184:    0   70    0  180    0  280    0  100  270  170
Rodada 185:  100   60    0  170    0  270    0   90  260  160
Rodada 186:  100   60    0  170    0  270    0   90  260  160
Rodada 187:  100   60    0  170    0  270    0   90  260  160
Rodada 188:  100   60    0  170    0  270    0   90  260  160
Rodada 189:  100   60    0  170    0  270    0   90  260  160
Rodada 190:   90   50    0  160    0  260    0   80  360  150
Rodada 191:    0    0  100    0    0    0    0    0    0    0
Rodada 192:    0    0  100    0    0    0    0    0    0    0
Rodada 193:    0    0  100    0    0    0    0    0    0    0
Rodada 194:    0    0  100    0    0    0    0    0    0    0
Rodada 195:    0    0   30    0    0    0    0    0  100    0
Rodada 196:    0    0   30    0    0    0    0    0  100    0
Rodada 197:    0    0   30    0    0    0    0    0  100    0
Rodada 198:    0  100    0  100  100  100    0    0    0  100
Rodada 199:    0   90    0   90   90   90  100    0    0   90
Rodada 200:    0   90    0   90   90   90  100    0    0   90
Rodada 201:    0   90    0   90   90   90  100    0    0   90
Rodada 202:  100   80    0   80   80   80   90    0    0   80
Rodada 203:  100   80    0   80   80   80   90    0    0   80
Rodada 204:  100   80    0   80   80   80   90    0    0   80
Rodada 205:  100   80    0   80   80   80   90    0    0   80
Rodada 206:   90  180    0   70   70   70   80    0    0   70
Rodada 207:   90  180    0   70   70   70   80    0    0   70
Rodada 208:   90  180    0   70   70   70   80    0    0   70
Rodada 209:   90  180    0   70   70   70   80    0    0   70
Rodada 210:   90  180    0   70   70   70   80    0    0   70
Rodada 211:   90  180    0   70   70   70   80    0    0   70
Rodada 212:   90  180    0   70   70   70   80    0    0   70
Rodada 213:   90  180    0   70   70   70   80    0    0   70
Rodada 214:   90  180    0   70   70   70   80    0    0   70
Rodada 215:    0  280  100    0  170  670    0  100  300    0
Rodada 216:    0  280  100    0  170  670    0  100  300    0
Rodada 217:    0  280  100    0  170  670    0  100  300    0
Rodada 218:    0  380    0  100  270  770  100    0    0  100
Rodada 219:    0  380    0  100  270  770  100    0    0  100
Rodada 220:    0  380    0  100  270  770  100    0    0  100
Rodada 221:    0  480    0   50  220  720   50    0    0   50
Rodada 222:    0  480    0   50  220  720   50    0    0   50
Rodada 223:    0  480    0   50  220  720   50    0    0   50
Rodada 224:    0  480    0   50  220  720   50    0    0   50
Rodada 225:    0  480    0   50  220  720   50    0    0   50
Rodada 226:    0  480    0   50  220  720   50    0    0   50
Rodada 227:    0  470    0   40  210  820   40    0    0   40
Rodada 228:    0  470    0   40  210  820   40    0    0   40
Rodada 229:    0  470    0   40  210  820   40    0    0   40
Rodada 230:    0  470    0   40  210  820   40    0    0   40
Rodada 231:    0  470    0   40  210  820   40    0    0   40
Rodada 232:    0  470    0   40  210  820   40    0    0   40
Rodada 233:    0  470    0   40  210  820   40    0    0   40
Rodada 234:    0  470    0   40  210  820   40    0    0   40
Rodada 235:    0  470    0   40  210  820   40    0    0   40
Rodada 236:    0  470    0   40  210  820   40    0    0   40
Rodada 237:    0  470    0   40  210  820   40    0    0   40
Rodada 238:    0  470    0   40  210  820   40    0    0   40
Rodada 239:    0  470    0   40  210  820   40    0    0   40
Rodada 240:    0  470    0   40  210  820   40    0    0   40
Rodada 241:  100    0    0  140  310  920    0    0  100    0
Rodada 242:  100    0    0  140  310  920    0    0  100    0
Rodada 243:  100    0    0  140  310  920    0    0  100    0
Rodada 244:  100    0    0  140  310  920    0    0  100    0
Rodada 245:  100    0    0  140  310  920    0    0  100    0
Rodada 246:  100    0    0  140  310  920    0    0  100    0
Rodada 247:  100    0    0  140  310  920    0    0  100    0
Rodada 248:   90    0    0  130  300  910    0    0   90  100
Rodada 249:   90    0    0  130  300  910    0    0   90  100
Rodada 250:   90    0    0  130  300  910    0    0   90  100
Rodada 251:   90    0    0  130  300  910    0    0   90  100
Rodada 252:   90    0    0  130  300  910    0    0   90  100
Rodada 253:   90    0    0  130  300  910    0    0   90  100
Rodada 254:   90    0    0  130  300  910    0    0   90  100
Rodada 255:   80    0    0  120  290  900  100    0   80   90
Rodada 256:   80    0    0  120  290  900  100    0   80   90
Rodada 257:   80    0    0  120  290  900  100    0   80   90
Rodada 258:   80    0    0  120  290  900  100    0   80   90
Rodada 259:   80    0    0  120  290  900  100    0   80   90
Rodada 260:   80    0    0  120  290  900  100    0   80   90
Rodada 261:   70    0    0  110  280  890  200    0   70   80
Rodada 262:   70    0    0  110  280  890  200    0   70   80
Rodada 263:   70    0    0  110  280  890  200    0   70   80
Rodada 264:   70    0    0  110  280  890  200    0   70   80
Rodada 265:   70    0    0  110  280  890  200    0   70   80
Rodada 266:   70    0    0  110  280  890  200    0   70   80
Rodada 267:   70    0    0  110  280  890  200    0   70   80
Rodada 268:   70    0    0  110  280  890  200    0   70   80
Rodada 269:   70    0    0  110  280  890  200    0   70   80
Rodada 270:  170    0    0  100  270  880  190    0   60   70
Rodada 271:  170    0    0  100  270  880  190    0   60   70
Rodada 272:  170    0    0  100  270  880  190    0   60   70
Rodada 273:    0    0    0  200  370    0    0  200  160    0
Rodada 274:    0    0    0  200  370    0    0  200  160    0
Rodada 275:    0    0    0  200  370    0    0  200  160    0
Rodada 276:  100    0  100    0    0  100    0    0  260    0
Rodada 277:  100    0  100    0    0  100    0    0  260    0
Rodada 278:  100    0  100    0    0  100    0    0  260    0
Rodada 279:  100    0  100    0    0  100    0    0  260    0
Rodada 280:  100    0  100    0    0  100    0    0  260    0
Rodada 281:  100    0  100    0    0  100    0    0  260    0
Rodada 282:  100    0  100    0    0  100    0    0  260    0
Rodada 283:  100    0  100    0    0  100    0    0  260    0
Rodada 284:  100    0  100    0    0  100    0    0  260    0
Rodada 285:  100    0  100    0    0  100    0    0  260    0
Rodada 286:  100    0  100    0    0  100    0    0  260    0
Rodada 287:  100    0  100    0    0  100    0    0  260    0
Rodada 288:  200  100    0  100    0    0    0  100    0    0
Rodada 289:  200  100    0  100    0    0    0  100    0    0
Rodada 290:  200  100    0  100    0    0    0  100    0    0
Rodada 291:  200  100    0  100    0    0    0  100    0    0
Rodada 292:  200  100    0  100    0    0    0  100    0    0
Rodada 293:  200  100    0  100    0    0    0  100    0    0
Rodada 294:  200  100    0  100    0    0    0  100    0    0
Rodada 295:  200  100    0  100    0    0    0  100    0    0
Rodada 296:  200  100    0  100    0    0    0  100    0    0
Rodada 297:  200  100    0  100    0    0    0  100    0    0
Rodada 298:    0  200    0  200  100    0    0    0    0    0
Rodada 299:    0  200    0  200  100    0    0    0    0    0
Rodada 300:    0  200    0  200  100    0    0    0    0    0
Rodada 301:    0  200    0  200  100    0    0    0    0    0
Rodada 302:  100    0  100    0    0    0    0    0  100    0
Rodada 303:   90    0   90  100    0    0    0    0   90    0
Rodada 304:   80    0   80   90    0    0    0  100   80    0
Rodada 305:    0    0    0  190  100    0  300    0  180  100
Rodada 306:    0    0    0  190  100    0  300    0  180  100
Rodada 307:    0    0    0  190  100    0  300    0  180  100
Rodada 308:    0    0    0  190  100    0  300    0  180  100
Rodada 309:    0  100    0  290    0    0    0    0    0    0
Rodada 310:    0  100    0  290    0    0    0    0    0    0
Rodada 311:    0  100    0  290    0    0    0    0    0    0
Rodada 312:    0  100    0  290    0    0    0    0    0    0
Rodada 313:    0  100    0  290    0    0    0    0    0    0
Rodada 314:    0  100    0  290    0    0    0    0    0    0
Rodada 315:    0  100    0  290    0    0    0    0    0    0
Rodada 316:    0   50    0  240    0    0    0    0  100    0
Rodada 317:    0    0    0    0    0    0  100    0    0    0
Rodada 318:    0    0    0    0    0    0  100    0    0    0
Rodada 319:    0    0    0    0    0    0  100    0    0    0
Rodada 320:    0    0    0    0    0    0  100    0    0    0
Rodada 321:    0    0    0    0    0  100   90    0    0    0
Rodada 322:    0    0    0    0    0   90  190    0    0    0
Rodada 323:    0    0    0    0    0   90  190    0    0    0
Rodada 324:    0    0    0    0    0   90  190    0    0    0
Rodada 325:    0    0    0    0    0   90  190    0    0    0
Rodada 326:    0    0    0    0    0   90  190    0    0    0
Rodada 327:    0    0    0    0    0   90  190    0    0    0
Rodada 328:    0    0    0    0    0   90  190    0    0    0
Rodada 329:    0    0    0    0    0   90  190    0    0    0
Rodada 330:    0    0    0    0    0   90  190    0    0    0
Rodada 331:    0    0    0    0    0   90  190    0    0    0
Rodada 332:    0    0    0    0    0   90  190    0    0    0
Rodada 333:    0    0    0    0    0   90  190    0    0    0
Rodada 334:    0    0    0    0    0   90  190    0    0    0
Rodada 335:    0    0    0    0    0   90  190    0    0    0
Rodada 336:    0    0    0    0    0   90  190    0    0    0
Rodada 337:    0    0    0    0    0   90  190    0    0    0
Rodada 338:    0    0    0    0    0   90  190    0    0    0
Rodada 339:    0    0    0    0    0   90  190    0    0    0
Rodada 340:    0    0    0    0    0   90  190    0    0    0
Rodada 341:    0    0    0    0    0   90  190    0    0    0
Rodada 342:    0    0    0    0    0   90  190    0    0    0
Rodada 343:    0    0    0    0    0   90  190    0    0    0
Rodada 344:    0    0    0    0    0   90  190    0    0    0
Rodada 345:    0    0    0    0    0   90  190    0    0    0
Rodada 346:    0    0    0    0    0   90  190    0    0    0
Rodada 347:    0    0    0    0    0   90  190    0    0    0
Rodada 348:    0    0    0    0    0    0  290    0  100  100
Rodada 349:    0    0    0    0    0    0  290    0  100  100
Rodada 350:  100    0    0    0    0    0  390    0    0    0
Rodada 351:  100    0    0    0    0    0  390    0    0    0
Rodada 352:  100    0    0    0    0    0  390    0    0    0
Rodada 353:   90    0    0    0    0  100  380    0    0    0
Rodada 354:   90    0    0    0    0  100  380    0    0    0
Rodada 355:   90    0    0    0    0  100  380    0    0    0
Rodada 356:   90    0    0    0    0  100  380    0    0    0
Rodada 357:   90    0    0    0    0  100  380    0    0    0
Rodada 358:   90    0    0    0    0  100  380    0    0    0
Rodada 359:   90    0    0    0    0  100  380    0    0    0
Rodada 360:   90    0    0    0    0  100  380    0    0    0
Rodada 361:   90    0    0    0    0  100  380    0    0    0
Rodada 362:   90    0    0    0    0  100  380    0    0    0
Rodada 363:   90    0    0    0    0  100  380    0    0    0
Rodada 364:   90    0    0    0    0  100  380    0    0    0
Rodada 365:   90    0    0    0    0  100  380    0    0    0
Rodada 366:   90    0    0    0    0  100  380    0    0    0
Rodada 367:    0    0    0  100  100    0    0    0    0    0
Rodada 368:    0    0    0  100  100    0    0    0    0    0
Rodada 369:    0    0    0  100  100    0    0    0    0    0
Rodada 370:    0    0    0  100  100    0    0    0    0    0
Rodada 371:    0    0    0  100  100    0    0    0    0    0
Rodada 372:    0    0    0  100  100    0    0    0    0    0
Rodada 373:    0    0    0  100  100    0    0    0    0    0
Rodada 374:    0    0    0  100  100    0    0    0    0    0
Rodada 375:    0    0    0  100  100    0    0    0    0    0
Rodada 376:    0    0    0  100  100    0    0    0    0    0
Rodada 377:    0    0    0  100  100    0    0    0    0    0
Rodada 378:    0    0    0   90  200    0    0    0    0    0
Rodada 379:    0    0    0   90  200    0    0    0    0    0
Rodada 380:    0    0  100  290  300    0    0    0    0    0
Rodada 381:    0    0  100  290  300    0    0    0    0    0
Rodada 382:    0    0  100  290  300    0    0    0    0    0
Rodada 383:    0    0  100  290  300    0    0    0    0    0
Rodada 384:    0    0  100  290  300    0    0    0    0    0
Rodada 385:    0    0  100  290  300    0    0    0    0    0
Rodada 386:    0    0  100  290  300    0    0    0    0    0
Rodada 387:    0    0  100  290  300    0    0    0    0    0
Rodada 388:    0    0  100  290  300    0    0    0    0    0
Rodada 389:    0    0  100  290  300    0    0    0    0    0
Rodada 390:    0    0  100  290  300    0    0    0    0    0
Rodada 391:    0    0  100  290  300    0    0    0    0    0
Rodada 392:    0    0  100  290  300    0    0    0    0    0
Rodada 393:    0    0  200  390    0    0    0    0    0    0
Rodada 394:    0    0  200  390    0    0    0    0    0    0
Rodada 395:    0    0  200  390    0    0    0    0    0    0
Rodada 396:    0    0  200  390    0    0    0    0    0    0
Rodada 397:    0    0  200  390    0    0    0    0    0    0
Rodada 398:    0    0  200  390    0    0    0    0    0    0
Rodada 399:    0    0  200  390    0    0    0    0    0    0
Rodada 400:    0    0  190  380  100    0    0    0    0    0
Rodada 401:    0    0  190  380  100    0    0    0    0    0
Rodada 402:    0    0  190  380  100    0    0    0    0    0
Rodada 403:    0    0  190  380  100    0    0    0    0    0
Rodada 404:    0    0  190  380  100    0    0    0    0    0
Rodada 405:    0    0  190  380  100    0    0    0    0    0
Rodada 406:    0    0  190  380  100    0    0    0    0    0
Rodada 407:    0    0  190  380  100    0    0    0    0    0
Rodada 408:    0    0  190  380  100    0    0    0    0    0
Rodada 409:    0    0  190  380  100    0    0    0    0    0
Rodada 410:    0    0  190  380  100    0    0    0    0    0
Rodada 411:    0    0  190  380  100    0    0    0    0    0
Rodada 412:    0    0  190  380  100    0    0    0    0    0
Rodada 413:    0    0  190  380  100    0    0    0    0    0
Rodada 414:    0    0  190  380  100    0    0    0    0    0
Rodada 415:    0    0  190  380  100    0    0    0    0    0
Rodada 416:    0    0  190  380  100    0    0    0    0    0
Rodada 417:    0    0  190  380  100    0    0    0    0    0
Rodada 418:    0    0  190  380  100    0    0    0    0    0
Rodada 419:    0    0  190  380  100    0    0    0    0    0
Rodada 420:    0    0  190  380  100    0    0    0    0    0
Rodada 421:    0    0  190  380  100    0    0    0    0    0
Rodada 422:    0    0  190  380  100    0    0    0    0    0
Rodada 423:    0    0  190  380  100    0    0    0    0    0
Rodada 424:    0    0  190  380  100    0    0    0    0    0
Rodada 425:    0    0  190  380  100    0    0    0    0    0
Rodada 426:    0    0  190  380  100    0    0    0    0    0
Rodada 427:    0    0  190  380  100    0    0    0    0    0
Rodada 428:    0    0  190  380  100    0    0    0    0    0
Rodada 429:    0    0  190  380  100    0    0    0    0    0
Rodada 430:    0    0  190  380  100    0    0    0    0    0
Rodada 431:    0    0  190  380  100    0    0    0    0    0
Rodada 432:    0    0  190  380  100    0    0    0    0    0
Rodada 433:    0    0  190  380  100    0    0    0    0    0
Rodada 434:    0    0  190  380  100    0    0    0    0    0
Rodada 435:    0    0  190  380  100    0    0    0    0    0
Rodada 436:    0    0  190  380  100    0    0    0    0    0
Rodada 437:    0    0  190  380  100    0    0    0    0    0
Rodada 438:    0    0  190  380  100    0    0    0    0    0
Rodada 439:    0    0  190  380  100    0    0    0    0    0
Rodada 440:    0    0  190  380  100    0    0    0    0    0
Rodada 441:    0    0  190  380  100    0    0    0    0    0
Rodada 442:    0    0  190  380  100    0    0    0    0    0
Rodada 443:    0    0  190  380  100    0    0    0    0    0
Rodada 444:    0    0   70  260    0    0    0    0    0  100
Rodada 445:    0    0   70  260    0    0    0    0    0  100
Rodada 446:    0    0   70  260    0    0    0    0    0  100
Rodada 447:    0    0   70  260    0    0    0    0    0  100
Rodada 448:    0    0   70  260    0    0    0    0    0  100
Rodada 449:    0    0   70  260    0    0    0    0    0  100
Rodada 450:    0    0  170    0  100    0    0    0    0    0
Rodada 451:    0    0  170    0  100    0    0    0    0    0
Rodada 452:  100    0  150    0   80    0    0    0    0    0
Rodada 453:  100    0  150    0   80    0    0    0    0    0
Rodada 454:  100    0  150    0   80    0    0    0    0    0
Rodada 455:  100    0  150    0   80    0    0    0    0    0
Rodada 456:   90    0  250    0   70    0    0    0    0    0
Rodada 457:   90    0  250    0   70    0    0    0    0    0
Rodada 458:   90    0  250    0   70    0    0    0    0    0
Rodada 459:   90    0  250    0   70    0    0    0    0    0
Rodada 460:   90    0  250    0   70    0    0    0    0    0
Rodada 461:   90    0  250    0   70    0    0    0    0    0
Rodada 462:   90    0  250    0   70    0    0    0    0    0
Rodada 463:   90    0  250    0   70    0    0    0    0    0
Rodada 464:  190    0    0    0    0    0    0    0  100    0
Rodada 465:  190    0    0    0    0    0    0    0  100    0
Rodada 466:  190    0    0    0    0    0    0    0  100    0
Rodada 467:  190    0    0    0    0    0    0    0  100    0
Rodada 468:  190    0    0    0    0    0    0    0  100    0
Rodada 469:    0    0    0    0  100    0    0    0    0    0
Rodada 470:    0    0    0    0  100    0    0    0    0    0
Rodada 471:    0    0    0    0  100    0    0    0    0    0
Rodada 472:    0    0    0    0  100    0    0    0    0    0
Rodada 473:    0    0    0    0  100    0    0    0    0    0
Rodada 474:    0    0    0    0  100    0    0    0    0    0
Rodada 475:    0    0    0    0  100    0    0    0    0    0
Rodada 476:    0    0    0    0  100    0    0    0    0    0
Rodada 477:    0    0    0    0  100    0    0    0    0    0
Rodada 478:    0    0    0    0  100    0    0    0    0    0
Rodada 479:    0    0    0    0  100    0    0    0    0    0
Rodada 480:    0    0    0    0  100    0    0    0    0    0
Rodada 481:    0    0    0    0    0    0  100    0    0    0
