Rodada 1:  100    0    0    0    0    0    0    0    0
Rodada 2:   90    0    0    0    0    0  100    0    0
Rodada 3:   70    0    0    0    0  100   80    0    0
Rodada 4:   60    0    0    0  100   90   70    0    0
Rodada 5:   50    0    0    0   90   80   60  100    0
Rodada 6:    0  100    0  100  190   10  160   30    0
Rodada 7:  100    0  200    0  290    0  260  130    0
Rodada 8:  100    0  200    0  290    0  260  130    0
Rodada 9:  100    0  200    0  290    0  260  130    0
Rodada 10:  100    0  200    0  290    0  260  130    0
Rodada 11:   90    0  190    0  280    0  250  120  100
Rodada 12:   90    0  190    0  280    0  250  120  100
Rodada 13:   80    0  180    0  270  100  240  110   90
Rodada 14:   70    0  170    0  260   90  230  210   80
Rodada 15:   60  100  160    0  250   80  220  200   70
Rodada 16:   60  100  160    0  250   80  220  200   70
Rodada 17:   60  100  160    0  250   80  220  200   70
Rodada 18:   60  100  160    0  250   80  220  200   70
Rodada 19:   60  100  160    0  250   80  220  200   70
Rodada 20:   60  100  160    0  250   80  220  200   70
Rodada 21:  160   40  100    0  190   20  320  140   10
Rodada 22:  260    0    0    0    0    0  120    0    0
Rodada 23:  260    0    0    0    0    0  120    0    0
Rodada 24:  260    0    0    0    0    0  120    0    0
Rodada 25:  360  100  100  100  100    0    0    0    0
Rodada 26:  350   90  200   90   90    0    0    0    0
Rodada 27:  350   90  200   90   90    0    0    0    0
Rodada 28:  350   90  200   90   90    0    0    0    0
Rodada 29:  340   80  300   80   80    0    0    0    0
Rodada 30:  330   70  290  180   70    0    0    0    0
Rodada 31:  330   70  290  180   70    0    0    0    0
Rodada 32:  330   70  290  180   70    0    0    0    0
Rodada 33:  330   70  290  180   70    0    0    0    0
Rodada 34:  330   70  290  180   70    0    0    0    0
Rodada 35:  430   60  280  170   60    0    0    0    0
Rodada 36:  420   50  270  160   50    0  100    0    0
Rodada 37:  420   50  270  160   50    0  100    0    0
Rodada 38:  410  150  260  150   40    0   90    0    0
Rodada 39:  410  150  260  150   40    0   90    0    0
Rodada 40:  410  150  260  150   40    0   90    0    0
Rodada 41:  410  150  260  150   40    0   90    0    0
Rodada 42:  410  150  260  150   40    0   90    0    0
Rodada 43:   60    0  360  250  240  100  190    0    0
Rodada 44:   50    0  460  240  230   90  180    0    0
Rodada 45:   50    0  460  240  230   90  180    0    0
Rodada 46:   10    0  420  200  330   50  280    0    0
Rodada 47:    0  100  350  300  260    0  210    0    0
Rodada 48:    0  100  350  300  260    0  210    0    0
Rodada 49:    0  100  350  300  260    0  210    0    0
Rodada 50:    0  100  350  300  260    0  210    0    0
Rodada 51:    0  100  350  300  260    0  210    0    0
Rodada 52:    0   90  340  400  250    0  200    0    0
Rodada 53:    0   90  340  400  250    0  200    0    0
Rodada 54:    0  190  310  370  220    0  170    0    0
Rodada 55:    0  190  310  370  220    0  170    0    0
Rodada 56:    0  190  310  370  220    0  170    0    0
Rodada 57:    0  180  300  360  320    0  160    0    0
Rodada 58:    0  180  300  360  320    0  160    0    0
Rodada 59:    0  180  300  360  320    0  160    0    0
Rodada 60:    0  180  300  360  320    0  160    0    0
Rodada 61:    0  280  400    0  420    0  260    0  100
Rodada 62:    0  280  400    0  420    0  260    0  100
Rodada 63:    0  280  400    0  420    0  260    0  100
Rodada 64:    0  280  400    0  420    0  260    0  100
Rodada 65:    0  280  400    0  420    0  260    0  100
Rodada 66:    0  280  400    0  420    0  260    0  100
Rodada 67:  200    0  500    0  520  100  360    0    0
Rodada 68:  190    0  490    0  510  200  350    0    0
Rodada 69:  180    0  480    0  500  190  340  100    0
Rodada 70:  130    0  430  100  450  140  290   50    0
Rodada 71:  330    0  530  200    0  240    0  150  100
Rodada 72:  330    0  530  200    0  240    0  150  100
Rodada 73:  330    0  530  200    0  240    0  150  100
Rodada 74:  320    0  520  190    0  230  100  140   90
Rodada 75:  320    0  520  190    0  230  100  140   90
Rodada 76:  320    0  520  190    0  230  100  140   90
Rodada 77:  320    0  520  190    0  230  100  140   90
Rodada 78:  320    0  520  190    0  230  100  140   90
Rodada 79:  310  100  510  180    0  220   90  130   80
Rodada 80:  410   90  500  170    0  210   80  120   70
Rodada 81:  510  190    0    0    0    0  180    0  170
Rodada 82:  500  180    0    0  100    0  170    0  160
Rodada 83:  600  280  100  100    0    0  370  100  260
Rodada 84:  600  280  100  100    0    0  370  100  260
Rodada 85:  600  280  100  100    0    0  370  100  260
Rodada 86:  590  270   90   90    0    0  470   90  250
Rodada 87:  590  270   90   90    0    0  470   90  250
Rodada 88:  590  270   90   90    0    0  470   90  250
Rodada 89:  590  270   90   90    0    0  470   90  250
Rodada 90:  580  260   80   80    0    0  570   80  240
Rodada 91:  580  260   80   80    0    0  570   80  240
Rodada 92:  580  260   80   80    0    0  570   80  240
Rodada 93:  580  260   80   80    0    0  570   80  240
Rodada 94:  580  260   80   80    0    0  570   80  240
Rodada 95:  570  360   70   70    0    0  560   70  230
Rodada 96:  570  360   70   70    0    0  560   70  230
Rodada 97:  570  360   70   70    0    0  560   70  230
Rodada 98:  570  360   70   70    0    0  560   70  230
Rodada 99:  570  360   70   70    0    0  560   70  230
Rodada 100:  570  360   70   70    0    0  560   70  230
Rodada 101:  570  360   70   70    0    0  560   70  230
Rodada 102:  560  350   60   60    0    0  660   60  220
Rodada 103:  560  350   60   60    0    0  660   60  220
Rodada 104:  560  350   60   60    0    0  660   60  220
Rodada 105:  560  350   60   60    0    0  660   60  220
Rodada 106:  660  340   50   50    0    0  650   50  210
Rodada 107:  650  330  150   40    0    0  640   40  200
Rodada 108:  650  330  150   40    0    0  640   40  200
Rodada 109:  650  330  150   40    0    0  640   40  200
Rodada 110:  650  330  150   40    0    0  640   40  200
Rodada 111:  650  330  150   40    0    0  640   40  200
Rodada 112:  650  330  150   40    0    0  640   40  200
Rodada 113:  650  330  150   40    0    0  640   40  200
Rodada 114:  650  330  150   40    0    0  640   40  200
Rodada 115:  650  330  150   40    0    0  640   40  200
Rodada 116:  750  430    0    0    0    0  470    0   30
Rodada 117:  750  430    0    0    0    0  470    0   30
Rodada 118:  740  420  100    0    0    0  460    0   20
Rodada 119:  740  420  100    0    0    0  460    0   20
Rodada 120:  740  420  100    0    0    0  460    0   20
Rodada 121:  740  420  100    0    0    0  460    0   20
Rodada 122:  730  410  200    0    0    0  450    0   10
Rodada 123:  730  410  200    0    0    0  450    0   10
Rodada 124:  730  410  200    0    0    0  450    0   10
Rodada 125:  730  410  200    0    0    0  450    0   10
Rodada 126:  730  410  200    0    0    0  450    0   10
Rodada 127:  620  510   90    0    0    0  340    0    0
Rodada 128:  620  510   90    0    0    0  340    0    0
Rodada 129:  620  510   90    0    0    0  340    0    0
Rodada 130:  620  510   90    0    0    0  340    0    0
Rodada 131:  620  510   90    0    0    0  340    0    0
Rodada 132:  620  510   90    0    0    0  340    0    0
Rodada 133:  620  510   90    0    0    0  340    0    0
Rodada 134:  610  500  190    0    0    0  330    0    0
Rodada 135:  600  490  180    0    0    0  320    0  100
Rodada 136:  600  490  180    0    0    0  320    0  100
Rodada 137:  600  490  180    0    0    0  320    0  100
Rodada 138:  600  490  180    0    0    0  320    0  100
Rodada 139:  600  490  180    0    0    0  320    0  100
Rodada 140:  600  490  180    0    0    0  320    0  100
Rodada 141:  600  490  180    0    0    0  320    0  100
Rodada 142:  600  490  180    0    0    0  320    0  100
Rodada 143:  600  490  180    0    0    0  320    0  100
Rodada 144:  600  490  180    0    0    0  320    0  100
Rodada 145:  600  490  180    0    0    0  320    0  100
Rodada 146:  590  480  170    0    0    0  420    0   90
Rodada 147:  590  480  170    0    0    0  420    0   90
Rodada 148:    0    0  270  100  200    0  620    0  190
Rodada 149:    0    0  270  100  200    0  620    0  190
