Rodada 1:    0    0  100  100    0
Rodada 2:    0    0  100  100    0
Rodada 3:    0  100   90   90    0
Rodada 4:    0  200   70   70  100
Rodada 5:    0  190   60   60  200
Rodada 6:  200  290  160  160  300
Rodada 7:  300  280  150  150  290
Rodada 8:  290  270  250  140  280
Rodada 9:  280  370  240  130  270
Rodada 10:  280  370  240  130  270
Rodada 11:  280  370  240  130  270
Rodada 12:  270  360  340  120  260
Rodada 13:  270  360  340  120  260
Rodada 14:  270  360  340  120  260
Rodada 15:  270  360  340  120  260
Rodada 16:  270  360  340  120  260
Rodada 17:  270  360  340  120  260
Rodada 18:  370  350  330  110  250
Rodada 19:  370  350  330  110  250
Rodada 20:  470   70   50    0    0
Rodada 21:  470   70   50    0    0
Rodada 22:  470   70   50    0    0
Rodada 23:  470   70   50    0    0
Rodada 24:  460  170   40    0    0
Rodada 25:  460  170   40    0    0
Rodada 26:  460  170   40    0    0
Rodada 27:  460  170   40    0    0
Rodada 28:  460  170   40    0    0
Rodada 29:  450  270   30    0    0
Rodada 30:  450  270   30    0    0
Rodada 31:    0  370  230    0    0
Rodada 32:    0  370  230    0    0
Rodada 33:  300  470    0  100  700
Rodada 34:  300  470    0  100  700
Rodada 35:  300  470    0  100  700
Rodada 36:  300  470    0  100  700
Rodada 37:  300  470    0  100  700
Rodada 38:  300  470    0  100  700
Rodada 39:  300  470    0  100  700
Rodada 40:  300  470    0  100  700
Rodada 41:  300  470    0  100  700
Rodada 42:  400  420    0   50  650
Rodada 43:  400  420    0   50  650
Rodada 44:  400  420    0   50  650
Rodada 45:  500    0  100    0    0
Rodada 46:  490    0   90    0  100
Rodada 47:  490    0   90    0  100
Rodada 48:  590    0   80    0   90
Rodada 49:  590    0   80    0   90
Rodada 50:  510    0    0  100   10
Rodada 51:  510    0    0  100   10
Rodada 52:  500    0    0   90  110
Rodada 53:  490    0    0  190  100
Rodada 54:  490    0    0  190  100
Rodada 55:  300  100    0    0  400
Rodada 56:  300  100    0    0  400
Rodada 57:  400   90    0    0  390
Rodada 58:  340   30  100    0  330
Rodada 59:  340   30  100    0  330
Rodada 60:  340   30  100    0  330
Rodada 61:  440   20   90    0  320
Rodada 62:  540  120    0  100  420
Rodada 63:  530  110    0   90  520
Rodada 64:  630    0    0    0  370
Rodada 65:  630    0    0    0  370
Rodada 66:  630    0    0    0  370
Rodada 67:  580    0    0    0  470
Rodada 68:  680    0    0    0  300
Rodada 69:  680    0    0    0  300
Rodada 70:  670    0    0    0  400
Rodada 71:  770    0    0    0   90
Rodada 72:  870    0    0    0   80
Rodada 73:  870    0    0    0   80
Rodada 74:  870    0    0    0   80
Rodada 75:  970  100  100  100    0
Rodada 76:  970  100  100  100    0
Rodada 77:  970  100  100  100    0
Rodada 78:  970  100  100  100    0
Rodada 79:  970  100  100  100    0
Rodada 80: 1070  300  200  200  200
Rodada 81: 1270  400  300 1800  300
Rodada 82: 1270  400  300 1800  300
Rodada 83: 1270  400  300 1800  300
Rodada 84: 1370  390  290 1790  290
Rodada 85: 1370  390  290 1790  290
Rodada 86: 1370  390  290 1790  290
Rodada 87: 1300  490  220 1890  220
Rodada 88: 1290  480  210 1990  210
Rodada 89: 1290  480  210 1990  210
Rodada 90: 1290  480  210 1990  210
Rodada 91: 1390  470  200 1980  200
Rodada 92: 1490  460  190 1970  190
Rodada 93: 1490  460  190 1970  190
Rodada 94: 1490  460  190 1970  190
Rodada 95: 1590  430  160 1940  160
Rodada 96: 1690  530    0 2040    0
Rodada 97: 1680  520    0 2030  100
Rodada 98: 1680  520    0 2030  100
Rodada 99: 1680  520    0 2030  100
Rodada 100: 1670  510    0 2130   90
Rodada 101: 1670  510    0 2130   90
Rodada 102: 1670  510    0 2130   90
Rodada 103: 1670  510    0 2130   90
Rodada 104: 1610  450  100 2070   30
Rodada 105: 1610  450  100 2070   30
Rodada 106: 1610  450  100 2070   30
Rodada 107: 1600  550   90 2060   20
Rodada 108: 1600  550   90 2060   20
Rodada 109: 1600  550   90 2060   20
Rodada 110: 1700  650  190 2160  120
Rodada 111: 1700  650  190 2160  120
Rodada 112: 1700  650  190 2160  120
Rodada 113: 1350  750    0 2260    0
Rodada 114: 1340  850    0 2250    0
Rodada 115: 1340  850    0 2250    0
Rodada 116: 1330  840  100 2240    0
Rodada 117: 1330  840  100 2240    0
Rodada 118: 1330  840  100 2240    0
Rodada 119: 1330  840  100 2240    0
Rodada 120: 1330  840  100 2240    0
Rodada 121: 2030 1040    0 2340  100
Rodada 122: 2030 1040    0 2340  100
Rodada 123: 2030 1040    0 2340  100
Rodada 124: 2130 1030    0 2330   90
Rodada 125: 2130 1030    0 2330   90
Rodada 126: 2130 1030    0 2330   90
Rodada 127: 2130 1030    0 2330   90
Rodada 128: 2230 1020    0 2320   80
Rodada 129: 2230 1020    0 2320   80
Rodada 130: 2330 1010    0 2310   70
Rodada 131: 2330 1010    0 2310   70
Rodada 132: 2330 1010    0 2310   70
Rodada 133: 2330 1010    0 2310   70
Rodada 134: 2320 1110    0 2300   60
Rodada 135: 2420 1100    0 2290   50
Rodada 136: 2420 1100    0 2290   50
Rodada 137: 2420 1100    0 2290   50
Rodada 138: 2420 1100    0 2290   50
Rodada 139: 2410 1090    0 2390   40
Rodada 140: 2410 1090    0 2390   40
Rodada 141: 2410 1090    0 2390   40
Rodada 142: 2410 1090    0 2390   40
Rodada 143: 2410 1090    0 2390   40
Rodada 144: 2410 1090    0 2390   40
Rodada 145: 2410 1090    0 2390   40
Rodada 146: 2510  970    0 2270    0
Rodada 147: 2510  970    0 2270    0
Rodada 148: 2510  970    0 2270    0
Rodada 149: 2510  970    0 2270    0
Rodada 150: 2510  970    0 2270    0
Rodada 151: 2500 1070    0 2260    0
Rodada 152: 2500 1070    0 2260    0
Rodada 153: 2500 1070    0 2260    0
Rodada 154: 2500 1070    0 2260    0
Rodada 155: 2500 1070    0 2260    0
Rodada 156: 2490 1170    0 2250    0
Rodada 157: 2490 1170    0 2250    0
Rodada 158: 2490 1170    0 2250    0
Rodada 159: 2590 1270    0    0    0
Rodada 160: 2590 1270    0    0    0
Rodada 161: 2590 1270    0    0    0
Rodada 162: 2580 1370    0    0    0
Rodada 163: 2580 1370    0    0    0
Rodada 164: 2570 1470    0    0    0
Rodada 165: 2560 1460    0    0  100
Rodada 166: 2560 1460    0    0  100
Rodada 167: 2550 1450  100    0   90
Rodada 168: 2550 1450  100    0   90
Rodada 169: 2550 1450  100    0   90
Rodada 170: 2550 1450  100    0   90
Rodada 171: 2650 1550    0  100  190
Rodada 172: 2650 1550    0  100  190
Rodada 173: 2650 1550    0  100  190
Rodada 174: 2650 1550    0  100  190
Rodada 175: 2650 1550    0  100  190
Rodada 176: 2650 1550    0  100  190
Rodada 177: 2650 1550    0  100  190
Rodada 178: 2650 1550    0  100  190
Rodada 179: 2650 1550    0  100  190
Rodada 180: 2650 1550    0  100  190
Rodada 181: 2650 1550    0  100  190
Rodada 182:    0 1650  100  200  390
Rodada 183:    0 1650  100  200  390
Rodada 184:    0 1640   90  300  380
Rodada 185:  100 1740    0  400  580
Rodada 186:  100 1740    0  400  580
Rodada 187:  100 1740    0  400  580
Rodada 188:  100 1740    0  400  580
Rodada 189:  200   60  100    0  780
Rodada 190:  200   60  100    0  780
Rodada 191:  200   60  100    0  780
Rodada 192:  200   60  100    0  780
Rodada 193:  200   60  100    0  780
Rodada 194:  200   60  100    0  780
Rodada 195:  200   60  100    0  780
Rodada 196:  200   60  100    0  780
Rodada 197:  190  160   90    0  770
Rodada 198:  180  150  190    0  760
Rodada 199:  180  150  190    0  760
Rodada 200:  170  140  180    0  860
Rodada 201:  170  140  180    0  860
Rodada 202:  170  140  180    0  860
Rodada 203:  170  140  180    0  860
Rodada 204:  170  140  180    0  860
Rodada 205:  170  140  180    0  860
Rodada 206:  170  140  180    0  860
Rodada 207:  170  140  180    0  860
Rodada 208:  170  140  180    0  860
Rodada 209:  170  140  180    0  860
Rodada 210:  160  130  170  100  850
Rodada 211:  160  130  170  100  850
Rodada 212:  160  130  170  100  850
Rodada 213:  160  130  170  100  850
Rodada 214:  150  120  270   90  840
Rodada 215:  150  120  270   90  840
Rodada 216:  150  120  270   90  840
Rodada 217:  150  120  270   90  840
Rodada 218:  150  120  270   90  840
Rodada 219:  150  120  270   90  840
Rodada 220:  150  120  270   90  840
Rodada 221:  150  120  270   90  840
Rodada 222:    0    0    0  190  940
Rodada 223:    0    0  100  180  930
Rodada 224:    0    0  100  180  930
Rodada 225:  100  100  200    0    0
Rodada 226:   90   90  300    0    0
Rodada 227:   90   90  300    0    0
Rodada 228:   90   90  300    0    0
Rodada 229:   90   90  300    0    0
Rodada 230:   90   90  300    0    0
Rodada 231:   90   90  300    0    0
Rodada 232:   90   90  300    0    0
Rodada 233:   90   90  300    0    0
Rodada 234:   90   90  300    0    0
Rodada 235:   90   90  300    0    0
Rodada 236:   90   90  300    0    0
Rodada 237:   90   90  300    0    0
Rodada 238:   90   90  300    0    0
Rodada 239:   90   90  300    0    0
Rodada 240:    0  190  400  100    0
Rodada 241:    0  180  390  200    0
Rodada 242:    0  280  490    0  100
Rodada 243:    0  280  490    0  100
Rodada 244:    0  280  490    0  100
Rodada 245:    0  280  490    0  100
Rodada 246:    0  280  490    0  100
Rodada 247:    0  380  590  100    0
Rodada 248:    0  380  590  100    0
Rodada 249:    0  380  590  100    0
Rodada 250:    0  380  590  100    0
Rodada 251:    0  380  590  100    0
Rodada 252:    0  380  590  100    0
Rodada 253:    0  380  590  100    0
Rodada 254:    0  380  590  100    0
Rodada 255:    0  380  590  100    0
Rodada 256:    0  380  590  100    0
Rodada 257:    0  380  590  100    0
Rodada 258:    0  370  580   90  100
Rodada 259:    0  470  570   80   90
Rodada 260:    0  350  670  180    0
Rodada 261:    0  450  640  150    0
Rodada 262:    0  450  640  150    0
Rodada 263:    0  450  640  150    0
Rodada 264:  100  440  630  140    0
Rodada 265:  100  440  630  140    0
Rodada 266:  100  440  630  140    0
Rodada 267:  100  440  630  140    0
Rodada 268:   70  410  600  110  100
Rodada 269:   70  410  600  110  100
Rodada 270:   70  410  600  110  100
Rodada 271:   70  410  600  110  100
Rodada 272:   60  400  700  100   90
Rodada 273:   60  400  700  100   90
Rodada 274:   60  400  700  100   90
Rodada 275:   60  400  700  100   90
Rodada 276:   60  400  700  100   90
Rodada 277:   60  400  700  100   90
Rodada 278:   60  400  700  100   90
Rodada 279:   60  400  700  100   90
Rodada 280:   60  400  700  100   90
Rodada 281:   60  400  700  100   90
Rodada 282:   60  400  700  100   90
Rodada 283:   60  400  700  100   90
Rodada 284:   60  400  700  100   90
Rodada 285:   60  400  700  100   90
Rodada 286:   60  400  700  100   90
Rodada 287:   60  400  700  100   90
Rodada 288:   60  400  700  100   90
Rodada 289:   60  400  700  100   90
Rodada 290:   60  400  700  100   90
Rodada 291:   60  400  700  100   90
Rodada 292:   60  400  700  100   90
Rodada 293:   60  400  700  100   90
Rodada 294:   60  400  700  100   90
Rodada 295:   60  400  700  100   90
Rodada 296:  160  390  690   90   80
Rodada 297:  160  390  690   90   80
Rodada 298:  160  390  690   90   80
Rodada 299:  160  390  690   90   80
Rodada 300:  160  390  690   90   80
Rodada 301:  160  390  690   90   80
Rodada 302:  160  390  690   90   80
Rodada 303:  160  390  690   90   80
Rodada 304:  160  390  690   90   80
Rodada 305:  160  390  690   90   80
Rodada 306:  160  390  690   90   80
Rodada 307:  160  390  690   90   80
Rodada 308:  160  390  690   90   80
Rodada 309:  160  390  690   90   80
Rodada 310:  260  380  680   80   70
Rodada 311:  260  380  680   80   70
Rodada 312:  260  380  680   80   70
Rodada 313:  260  380  680   80   70
Rodada 314:    0  480  130  180    0
Rodada 315:  100  580  230    0  100
Rodada 316:  100  580  230    0  100
Rodada 317:  100  580  230    0  100
Rodada 318:  100  580  230    0  100
Rodada 319:  100  580  230    0  100
Rodada 320:  100  580  230    0  100
Rodada 321:  100  580  230    0  100
Rodada 322:  100  580  230    0  100
Rodada 323:  100  580  230    0  100
Rodada 324:    0  680    0  100    0
Rodada 325:    0  680    0  100    0
Rodada 326:    0  680    0  100    0
Rodada 327:    0  390  100  200    0
Rodada 328:    0  380  200  190    0
Rodada 329:    0  380  200  190    0
Rodada 330:    0  380  200  190    0
Rodada 331:    0  380  200  190    0
Rodada 332:    0    0  400    0    0
Rodada 333:    0    0  400    0    0
Rodada 334:    0    0  400    0    0
Rodada 335:    0    0  400    0    0
Rodada 336:    0    0    0  100  100
Rodada 337:    0    0    0  100  100
Rodada 338:    0    0    0  100  100
Rodada 339:    0    0    0   70  200
Rodada 340:  100    0  100  170  300
Rodada 341:    0    0  200  270    0
Rodada 342:    0    0  200  270    0
Rodada 343:  100    0    0    0    0
Rodada 344:   90  100    0    0    0
Rodada 345:   90  100    0    0    0
Rodada 346:  190    0  100    0  200
Rodada 347:  190    0  100    0  200
Rodada 348:  190    0  100    0  200
Rodada 349:  190    0  100    0  200
Rodada 350:  190    0  100    0  200
Rodada 351:  190    0  100    0  200
Rodada 352:  190    0  100    0  200
Rodada 353:    0    0  200    0  300
Rodada 354:    0    0  200    0  300
Rodada 355:    0    0  200    0  300
Rodada 356:    0    0  200    0  300
Rodada 357:    0    0  200    0  300
Rodada 358:    0    0  200    0  300
Rodada 359:    0    0  200    0  300
Rodada 360:    0    0  200    0  300
Rodada 361:    0    0  200    0  300
Rodada 362:    0    0  200    0  300
Rodada 363:    0    0  200    0  300
Rodada 364:  100    0    0  100    0
Rodada 365:  100    0    0  100    0
Rodada 366:  100    0    0  100    0
Rodada 367:  100    0    0  100    0
Rodada 368:  100    0    0  100    0
Rodada 369:  100    0    0  100    0
Rodada 370:  200    0    0   90    0
Rodada 371:  200    0    0   90    0
Rodada 372:  200    0    0   90    0
Rodada 373:  200    0    0   90    0
Rodada 374:  200    0    0   90    0
Rodada 375:  200    0    0   90    0
Rodada 376:  200    0    0   90    0
Rodada 377:  200    0    0   90    0
Rodada 378:  190    0    0   80  100
Rodada 379:  190    0    0   80  100
Rodada 380:  190    0    0   80  100
Rodada 381:  190    0    0   80  100
Rodada 382:  190    0    0   80  100
Rodada 383:  190    0    0   80  100
Rodada 384:  180    0    0   70  200
Rodada 385:  180    0    0   70  200
Rodada 386:  180    0    0   70  200
Rodada 387:  180    0    0   70  200
Rodada 388:  180    0    0   70  200
Rodada 389:  180    0    0   70  200
Rodada 390:  180    0    0   70  200
Rodada 391:  180    0    0   70  200
Rodada 392:  180    0    0   70  200
Rodada 393:  180    0    0   70  200
Rodada 394:  170    0    0   60  300
Rodada 395:  170    0    0   60  300
Rodada 396:  160    0  100   50  290
Rodada 397:  160    0  100   50  290
Rodada 398:  160    0  100   50  290
Rodada 399:  160    0  100   50  290
Rodada 400:  140  100   80   30  270
Rodada 401:  140  100   80   30  270
Rodada 402:  140  100   80   30  270
Rodada 403:  140  100   80   30  270
Rodada 404:  140  100   80   30  270
Rodada 405:  240  200    0  130  370
Rodada 406:  240  200    0  130  370
Rodada 407:  240  200    0  130  370
Rodada 408:  230  190    0  120  470
Rodada 409:  230  190    0  120  470
Rodada 410:  230  190    0  120  470
Rodada 411:  230  190    0  120  470
Rodada 412:  230  190    0  120  470
Rodada 413:  330  180    0  110  460
Rodada 414:  330  180    0  110  460
Rodada 415:  330  180    0  110  460
Rodada 416:  320  170  100  100  450
Rodada 417:  320  170  100  100  450
Rodada 418:  310  270   90   90  440
Rodada 419:  310  270   90   90  440
Rodada 420:  410  370  190  290  540
Rodada 421:  400  360  180  280  640
Rodada 422:  390  460  170  270  630
Rodada 423:  390  460  170  270  630
Rodada 424:  490  390  100  200  560
Rodada 425:  590    0    0  300  660
Rodada 426:  590    0    0  300  660
Rodada 427:  590    0    0  300  660
Rodada 428:  590    0    0  300  660
Rodada 429:  590    0    0  300  660
Rodada 430:  580  100    0  290  650
Rodada 431:  680   90    0  280  640
Rodada 432:  680   90    0  280  640
Rodada 433:  680   90    0  280  640
Rodada 434:  680   90    0  280  640
Rodada 435:  680   90    0  280  640
Rodada 436:  680   90    0  280  640
Rodada 437:  670   80  100  270  630
Rodada 438:  670   80  100  270  630
Rodada 439:  670   80  100  270  630
Rodada 440:  770   70   90  260  620
Rodada 441:  770   70   90  260  620
Rodada 442:  770   70   90  260  620
Rodada 443:  770   70   90  260  620
Rodada 444:  770   70   90  260  620
Rodada 445:  770   70   90  260  620
Rodada 446:  770   70   90  260  620
Rodada 447:  770   70   90  260  620
Rodada 448:  770   70   90  260  620
Rodada 449:  770   70   90  260  620
Rodada 450:  770   70   90  260  620
Rodada 451:  770   70   90  260  620
Rodada 452:  770   70   90  260  620
Rodada 453:  770   70   90  260  620
Rodada 454:  770   70   90  260  620
Rodada 455:  770   70   90  260  620
Rodada 456:  760   60   80  360  610
Rodada 457:  760   60   80  360  610
Rodada 458:    0  160  180  460  710
Rodada 459:    0  160  180  460  710
Rodada 460:    0  160  180  460  710
Rodada 461:    0  160  180  460  710
Rodada 462:    0  160  180  460  710
Rodada 463:    0  160  180  460  710
Rodada 464:  100  260  280    0  110
Rodada 465:  100  260  280    0  110
Rodada 466:  100  260  280    0  110
Rodada 467:  100  260  280    0  110
Rodada 468:  100  260  280    0  110
Rodada 469:  100  260  280    0  110
Rodada 470:  100  260  280    0  110
Rodada 471:  100  260  280    0  110
Rodada 472:  100  260  280    0  110
Rodada 473:  100  260  280    0  110
Rodada 474:  100  260  280    0  110
Rodada 475:  100  260  280    0  110
Rodada 476:  100  260  280    0  110
Rodada 477:  100  260  280    0  110
Rodada 478:  100  260  280    0  110
Rodada 479:   10  170  380  100   20
Rodada 480:   10  170  380  100   20
Rodada 481:   10  170  380  100   20
Rodada 482:   10  170  380  100   20
Rodada 483:   10  170  380  100   20
